2023-10-25 11:44:37,198 [Worker-5: Loading available Gradle versions] INFO  o.e.b.c.i.u.g.PublishedGradleVersions - Gradle version information cache is up-to-date. Trying to read.
2023-10-25 11:46:45,379 [Worker-5: Import Getting Started Content] INFO  o.e.m.c.i.l.LifecycleMappingFactory - Using org.eclipse.m2e.jdt.JarLifecycleMapping lifecycle mapping for MavenProject: com.cliente:ClienteApp:0.0.1-SNAPSHOT @ D:\ESCRITORIO\FP SUPERIOR DAW EDIX\2º CURSO\1er TRIMESTRE\DESARROLLO WEB EN ENTORNO SERVIDOR\WorkspacePracticaIndividual\ClienteApp\pom.xml.
2023-10-25 11:46:46,724 [Worker-5: Import Getting Started Content] INFO  o.e.m.j.i.AbstractJavaProjectConfigurator - Adding source folder /ClienteApp/src/main/java
2023-10-25 11:46:46,724 [Worker-5: Import Getting Started Content] INFO  o.e.m.j.i.AbstractJavaProjectConfigurator - Adding resource folder /ClienteApp/src/main/resources
2023-10-25 11:46:46,732 [Worker-5: Import Getting Started Content] INFO  o.e.m.j.i.AbstractJavaProjectConfigurator - Adding resource folder /ClienteApp/src/main/resources
2023-10-25 11:46:46,746 [Worker-5: Import Getting Started Content] INFO  o.e.m.j.i.AbstractJavaProjectConfigurator - Adding source folder /ClienteApp/src/test/java
2023-10-25 11:46:46,747 [Worker-5: Import Getting Started Content] INFO  o.e.m.j.i.AbstractJavaProjectConfigurator - Adding resource folder /ClienteApp/src/test/resources
2023-10-25 11:46:47,356 [Worker-5: Import Getting Started Content] INFO  o.e.m.c.i.p.ProjectConfigurationManager - Imported and configured 1 project(s) in 3 sec
2023-10-25 11:46:47,360 [Worker-5: Import Getting Started Content] INFO  o.e.m.c.i.p.ProjectConfigurationManager - Update started
2023-10-25 11:46:47,741 [Worker-5: Import Getting Started Content] INFO  o.e.m.c.i.l.LifecycleMappingFactory - Using org.eclipse.m2e.jdt.JarLifecycleMapping lifecycle mapping for MavenProject: com.cliente:ClienteApp:0.0.1-SNAPSHOT @ D:\ESCRITORIO\FP SUPERIOR DAW EDIX\2º CURSO\1er TRIMESTRE\DESARROLLO WEB EN ENTORNO SERVIDOR\WorkspacePracticaIndividual\ClienteApp\pom.xml.
2023-10-25 11:46:48,596 [Worker-5: Import Getting Started Content] INFO  o.e.m.j.i.AbstractJavaProjectConfigurator - Adding source folder /ClienteApp/src/main/java
2023-10-25 11:46:48,597 [Worker-5: Import Getting Started Content] INFO  o.e.m.j.i.AbstractJavaProjectConfigurator - Adding resource folder /ClienteApp/src/main/resources
2023-10-25 11:46:48,597 [Worker-5: Import Getting Started Content] INFO  o.e.m.j.i.AbstractJavaProjectConfigurator - Adding resource folder /ClienteApp/src/main/resources
2023-10-25 11:46:48,597 [Worker-5: Import Getting Started Content] INFO  o.e.m.j.i.AbstractJavaProjectConfigurator - Adding source folder /ClienteApp/src/test/java
2023-10-25 11:46:48,597 [Worker-5: Import Getting Started Content] INFO  o.e.m.j.i.AbstractJavaProjectConfigurator - Adding resource folder /ClienteApp/src/test/resources
2023-10-25 11:46:49,184 [Worker-5: Import Getting Started Content] INFO  o.e.m.c.i.p.ProjectConfigurationManager - Update completed for 1 poms: local refresh takes 0,00 sec, refresh facades takes 1,00 sec, update config takes 0,00 sec 
2023-10-25 11:46:50,246 [Worker-2: Building] INFO  o.a.m.s.f.DefaultMavenResourcesFiltering - Copying 1 resource from src\main\resources to target\classes
2023-10-25 11:46:50,261 [Worker-2: Building] INFO  o.a.m.s.f.DefaultMavenResourcesFiltering - Copying 0 resource from src\main\resources to target\classes
2023-10-25 11:46:50,265 [Worker-2: Building] INFO  o.a.m.s.f.DefaultMavenResourcesFiltering - skip non existing resourceDirectory D:\ESCRITORIO\FP SUPERIOR DAW EDIX\2º CURSO\1er TRIMESTRE\DESARROLLO WEB EN ENTORNO SERVIDOR\WorkspacePracticaIndividual\ClienteApp\src\test\resources
2023-10-25 11:50:30,250 [Worker-5: Building] INFO  o.a.m.s.f.DefaultMavenResourcesFiltering - Copying 0 resource from src\main\resources to target\classes
2023-10-25 11:50:30,252 [Worker-5: Building] INFO  o.a.m.s.f.DefaultMavenResourcesFiltering - Copying 1 resource from src\main\resources to target\classes
2023-10-25 11:50:30,256 [Worker-5: Building] INFO  o.a.m.s.f.DefaultMavenResourcesFiltering - skip non existing resourceDirectory D:\ESCRITORIO\FP SUPERIOR DAW EDIX\2º CURSO\1er TRIMESTRE\DESARROLLO WEB EN ENTORNO SERVIDOR\WorkspacePracticaIndividual\ClienteApp\src\test\resources
2023-10-25 11:50:42,113 [Worker-12: Building] INFO  o.a.m.s.f.DefaultMavenResourcesFiltering - Copying 0 resource from src\main\resources to target\classes
2023-10-25 11:50:42,114 [Worker-12: Building] INFO  o.a.m.s.f.DefaultMavenResourcesFiltering - Copying 0 resource from src\main\resources to target\classes
2023-10-25 11:50:42,116 [Worker-12: Building] INFO  o.a.m.s.f.DefaultMavenResourcesFiltering - skip non existing resourceDirectory D:\ESCRITORIO\FP SUPERIOR DAW EDIX\2º CURSO\1er TRIMESTRE\DESARROLLO WEB EN ENTORNO SERVIDOR\WorkspacePracticaIndividual\ClienteApp\src\test\resources
2023-10-25 11:50:59,516 [Worker-16: Building] INFO  o.a.m.s.f.DefaultMavenResourcesFiltering - Copying 0 resource from src\main\resources to target\classes
2023-10-25 11:50:59,517 [Worker-16: Building] INFO  o.a.m.s.f.DefaultMavenResourcesFiltering - Copying 1 resource from src\main\resources to target\classes
2023-10-25 11:50:59,521 [Worker-16: Building] INFO  o.a.m.s.f.DefaultMavenResourcesFiltering - skip non existing resourceDirectory D:\ESCRITORIO\FP SUPERIOR DAW EDIX\2º CURSO\1er TRIMESTRE\DESARROLLO WEB EN ENTORNO SERVIDOR\WorkspacePracticaIndividual\ClienteApp\src\test\resources
2023-10-25 11:51:52,011 [Worker-5: Building] INFO  o.a.m.s.f.DefaultMavenResourcesFiltering - Copying 1 resource from src\main\resources to target\classes
2023-10-25 11:51:52,016 [Worker-5: Building] INFO  o.a.m.s.f.DefaultMavenResourcesFiltering - Copying 1 resource from src\main\resources to target\classes
2023-10-25 11:51:52,019 [Worker-5: Building] INFO  o.a.m.s.f.DefaultMavenResourcesFiltering - skip non existing resourceDirectory D:\ESCRITORIO\FP SUPERIOR DAW EDIX\2º CURSO\1er TRIMESTRE\DESARROLLO WEB EN ENTORNO SERVIDOR\WorkspacePracticaIndividual\ClienteApp\src\test\resources
2023-10-25 11:54:37,864 [Worker-15: Launching ClienteApp - ClienteAppApplication] INFO  o.a.m.s.f.DefaultMavenResourcesFiltering - Copying 1 resource from src\main\resources to target\classes
2023-10-25 11:54:37,868 [Worker-15: Launching ClienteApp - ClienteAppApplication] INFO  o.a.m.s.f.DefaultMavenResourcesFiltering - Copying 1 resource from src\main\resources to target\classes
2023-10-25 11:54:37,871 [Worker-15: Launching ClienteApp - ClienteAppApplication] INFO  o.a.m.s.f.DefaultMavenResourcesFiltering - skip non existing resourceDirectory D:\ESCRITORIO\FP SUPERIOR DAW EDIX\2º CURSO\1er TRIMESTRE\DESARROLLO WEB EN ENTORNO SERVIDOR\WorkspacePracticaIndividual\ClienteApp\src\test\resources
2023-10-25 11:55:40,689 [Worker-16: Launching ClienteApp - ClienteAppApplication] INFO  o.e.m.c.i.l.LifecycleMappingFactory - Using org.eclipse.m2e.jdt.JarLifecycleMapping lifecycle mapping for MavenProject: com.cliente:ClienteApp:0.0.1-SNAPSHOT @ D:\ESCRITORIO\FP SUPERIOR DAW EDIX\2º CURSO\1er TRIMESTRE\DESARROLLO WEB EN ENTORNO SERVIDOR\WorkspacePracticaIndividual\ClienteApp\pom.xml.
2023-10-25 11:55:41,196 [Worker-16: Launching ClienteApp - ClienteAppApplication] INFO  o.a.m.s.f.DefaultMavenResourcesFiltering - Copying 0 resource from src\main\resources to target\classes
2023-10-25 11:55:41,197 [Worker-16: Launching ClienteApp - ClienteAppApplication] INFO  o.a.m.s.f.DefaultMavenResourcesFiltering - Copying 0 resource from src\main\resources to target\classes
2023-10-25 11:55:41,200 [Worker-16: Launching ClienteApp - ClienteAppApplication] INFO  o.a.m.s.f.DefaultMavenResourcesFiltering - skip non existing resourceDirectory D:\ESCRITORIO\FP SUPERIOR DAW EDIX\2º CURSO\1er TRIMESTRE\DESARROLLO WEB EN ENTORNO SERVIDOR\WorkspacePracticaIndividual\ClienteApp\src\test\resources
2023-10-25 11:56:27,023 [Worker-13: Launching ClienteApp - ClienteAppApplication] INFO  o.a.m.s.f.DefaultMavenResourcesFiltering - Copying 1 resource from src\main\resources to target\classes
2023-10-25 11:56:27,034 [Worker-13: Launching ClienteApp - ClienteAppApplication] INFO  o.a.m.s.f.DefaultMavenResourcesFiltering - Copying 0 resource from src\main\resources to target\classes
2023-10-25 11:56:27,037 [Worker-13: Launching ClienteApp - ClienteAppApplication] INFO  o.a.m.s.f.DefaultMavenResourcesFiltering - skip non existing resourceDirectory D:\ESCRITORIO\FP SUPERIOR DAW EDIX\2º CURSO\1er TRIMESTRE\DESARROLLO WEB EN ENTORNO SERVIDOR\WorkspacePracticaIndividual\ClienteApp\src\test\resources
2023-10-25 11:58:41,390 [Worker-12: Launching ClienteApp - ClienteAppApplication] INFO  o.a.m.s.f.DefaultMavenResourcesFiltering - Copying 1 resource from src\main\resources to target\classes
2023-10-25 11:58:41,395 [Worker-12: Launching ClienteApp - ClienteAppApplication] INFO  o.a.m.s.f.DefaultMavenResourcesFiltering - Copying 1 resource from src\main\resources to target\classes
2023-10-25 11:58:41,398 [Worker-12: Launching ClienteApp - ClienteAppApplication] INFO  o.a.m.s.f.DefaultMavenResourcesFiltering - skip non existing resourceDirectory D:\ESCRITORIO\FP SUPERIOR DAW EDIX\2º CURSO\1er TRIMESTRE\DESARROLLO WEB EN ENTORNO SERVIDOR\WorkspacePracticaIndividual\ClienteApp\src\test\resources
2023-10-25 12:02:19,017 [Worker-20: Building] INFO  o.a.m.s.f.DefaultMavenResourcesFiltering - Copying 0 resource from src\main\resources to target\classes
2023-10-25 12:02:19,018 [Worker-20: Building] INFO  o.a.m.s.f.DefaultMavenResourcesFiltering - Copying 1 resource from src\main\resources to target\classes
2023-10-25 12:02:19,021 [Worker-20: Building] INFO  o.a.m.s.f.DefaultMavenResourcesFiltering - skip non existing resourceDirectory D:\ESCRITORIO\FP SUPERIOR DAW EDIX\2º CURSO\1er TRIMESTRE\DESARROLLO WEB EN ENTORNO SERVIDOR\WorkspacePracticaIndividual\ClienteApp\src\test\resources
2023-10-25 12:02:27,930 [Worker-20: Building] INFO  o.a.m.s.f.DefaultMavenResourcesFiltering - Copying 0 resource from src\main\resources to target\classes
2023-10-25 12:02:27,931 [Worker-20: Building] INFO  o.a.m.s.f.DefaultMavenResourcesFiltering - Copying 1 resource from src\main\resources to target\classes
2023-10-25 12:02:27,934 [Worker-20: Building] INFO  o.a.m.s.f.DefaultMavenResourcesFiltering - skip non existing resourceDirectory D:\ESCRITORIO\FP SUPERIOR DAW EDIX\2º CURSO\1er TRIMESTRE\DESARROLLO WEB EN ENTORNO SERVIDOR\WorkspacePracticaIndividual\ClienteApp\src\test\resources
2023-10-25 12:03:13,522 [Worker-20: Building] INFO  o.a.m.s.f.DefaultMavenResourcesFiltering - Copying 0 resource from src\main\resources to target\classes
2023-10-25 12:03:13,523 [Worker-20: Building] INFO  o.a.m.s.f.DefaultMavenResourcesFiltering - Copying 1 resource from src\main\resources to target\classes
2023-10-25 12:03:13,526 [Worker-20: Building] INFO  o.a.m.s.f.DefaultMavenResourcesFiltering - skip non existing resourceDirectory D:\ESCRITORIO\FP SUPERIOR DAW EDIX\2º CURSO\1er TRIMESTRE\DESARROLLO WEB EN ENTORNO SERVIDOR\WorkspacePracticaIndividual\ClienteApp\src\test\resources
2023-10-25 12:06:38,285 [Worker-20: Building] INFO  o.a.m.s.f.DefaultMavenResourcesFiltering - Copying 0 resource from src\main\resources to target\classes
2023-10-25 12:06:38,287 [Worker-20: Building] INFO  o.a.m.s.f.DefaultMavenResourcesFiltering - Copying 1 resource from src\main\resources to target\classes
2023-10-25 12:06:38,290 [Worker-20: Building] INFO  o.a.m.s.f.DefaultMavenResourcesFiltering - skip non existing resourceDirectory D:\ESCRITORIO\FP SUPERIOR DAW EDIX\2º CURSO\1er TRIMESTRE\DESARROLLO WEB EN ENTORNO SERVIDOR\WorkspacePracticaIndividual\ClienteApp\src\test\resources
2023-10-25 12:09:19,940 [Worker-15: Building] INFO  o.a.m.s.f.DefaultMavenResourcesFiltering - Copying 0 resource from src\main\resources to target\classes
2023-10-25 12:09:19,941 [Worker-15: Building] INFO  o.a.m.s.f.DefaultMavenResourcesFiltering - Copying 1 resource from src\main\resources to target\classes
2023-10-25 12:09:19,944 [Worker-15: Building] INFO  o.a.m.s.f.DefaultMavenResourcesFiltering - skip non existing resourceDirectory D:\ESCRITORIO\FP SUPERIOR DAW EDIX\2º CURSO\1er TRIMESTRE\DESARROLLO WEB EN ENTORNO SERVIDOR\WorkspacePracticaIndividual\ClienteApp\src\test\resources
2023-10-25 12:14:44,740 [Worker-24: Building] INFO  o.a.m.s.f.DefaultMavenResourcesFiltering - Copying 0 resource from src\main\resources to target\classes
2023-10-25 12:14:44,741 [Worker-24: Building] INFO  o.a.m.s.f.DefaultMavenResourcesFiltering - Copying 1 resource from src\main\resources to target\classes
2023-10-25 12:14:44,744 [Worker-24: Building] INFO  o.a.m.s.f.DefaultMavenResourcesFiltering - skip non existing resourceDirectory D:\ESCRITORIO\FP SUPERIOR DAW EDIX\2º CURSO\1er TRIMESTRE\DESARROLLO WEB EN ENTORNO SERVIDOR\WorkspacePracticaIndividual\ClienteApp\src\test\resources
2023-10-26 11:28:08,958 [Worker-0: Loading available Gradle versions] INFO  o.e.b.c.i.u.g.PublishedGradleVersions - Gradle version information cache is up-to-date. Trying to read.
2023-10-26 11:30:10,118 [Worker-0: Import Getting Started Content] INFO  o.e.m.c.i.l.LifecycleMappingFactory - Using org.eclipse.m2e.jdt.JarLifecycleMapping lifecycle mapping for MavenProject: com.agenda:Agenda_Contactos_sp:0.0.1-SNAPSHOT @ D:\ESCRITORIO\FP SUPERIOR DAW EDIX\2º CURSO\1er TRIMESTRE\DESARROLLO WEB EN ENTORNO SERVIDOR\WorkspacePracticaIndividual\Agenda_Contactos_sp\pom.xml.
2023-10-26 11:30:11,431 [Worker-0: Import Getting Started Content] INFO  o.e.m.j.i.AbstractJavaProjectConfigurator - Adding source folder /Agenda_Contactos_sp/src/main/java
2023-10-26 11:30:11,432 [Worker-0: Import Getting Started Content] INFO  o.e.m.j.i.AbstractJavaProjectConfigurator - Adding resource folder /Agenda_Contactos_sp/src/main/resources
2023-10-26 11:30:11,438 [Worker-0: Import Getting Started Content] INFO  o.e.m.j.i.AbstractJavaProjectConfigurator - Adding resource folder /Agenda_Contactos_sp/src/main/resources
2023-10-26 11:30:11,444 [Worker-0: Import Getting Started Content] INFO  o.e.m.j.i.AbstractJavaProjectConfigurator - Adding source folder /Agenda_Contactos_sp/src/test/java
2023-10-26 11:30:11,445 [Worker-0: Import Getting Started Content] INFO  o.e.m.j.i.AbstractJavaProjectConfigurator - Adding resource folder /Agenda_Contactos_sp/src/test/resources
2023-10-26 11:30:12,005 [Worker-0: Import Getting Started Content] INFO  o.e.m.c.i.p.ProjectConfigurationManager - Imported and configured 1 project(s) in 2 sec
2023-10-26 11:30:12,008 [Worker-0: Import Getting Started Content] INFO  o.e.m.c.i.p.ProjectConfigurationManager - Update started
2023-10-26 11:30:12,375 [Worker-0: Import Getting Started Content] INFO  o.e.m.c.i.l.LifecycleMappingFactory - Using org.eclipse.m2e.jdt.JarLifecycleMapping lifecycle mapping for MavenProject: com.agenda:Agenda_Contactos_sp:0.0.1-SNAPSHOT @ D:\ESCRITORIO\FP SUPERIOR DAW EDIX\2º CURSO\1er TRIMESTRE\DESARROLLO WEB EN ENTORNO SERVIDOR\WorkspacePracticaIndividual\Agenda_Contactos_sp\pom.xml.
2023-10-26 11:30:13,148 [Worker-0: Import Getting Started Content] INFO  o.e.m.j.i.AbstractJavaProjectConfigurator - Adding source folder /Agenda_Contactos_sp/src/main/java
2023-10-26 11:30:13,148 [Worker-0: Import Getting Started Content] INFO  o.e.m.j.i.AbstractJavaProjectConfigurator - Adding resource folder /Agenda_Contactos_sp/src/main/resources
2023-10-26 11:30:13,149 [Worker-0: Import Getting Started Content] INFO  o.e.m.j.i.AbstractJavaProjectConfigurator - Adding resource folder /Agenda_Contactos_sp/src/main/resources
2023-10-26 11:30:13,149 [Worker-0: Import Getting Started Content] INFO  o.e.m.j.i.AbstractJavaProjectConfigurator - Adding source folder /Agenda_Contactos_sp/src/test/java
2023-10-26 11:30:13,149 [Worker-0: Import Getting Started Content] INFO  o.e.m.j.i.AbstractJavaProjectConfigurator - Adding resource folder /Agenda_Contactos_sp/src/test/resources
2023-10-26 11:30:13,705 [Worker-0: Import Getting Started Content] INFO  o.e.m.c.i.p.ProjectConfigurationManager - Update completed for 1 poms: local refresh takes 0,00 sec, refresh facades takes 1,00 sec, update config takes 0,00 sec 
2023-10-26 11:30:14,679 [Worker-2: Building] INFO  o.a.m.s.f.DefaultMavenResourcesFiltering - Copying 1 resource from src\main\resources to target\classes
2023-10-26 11:30:14,693 [Worker-2: Building] INFO  o.a.m.s.f.DefaultMavenResourcesFiltering - Copying 0 resource from src\main\resources to target\classes
2023-10-26 11:30:14,700 [Worker-2: Building] INFO  o.a.m.s.f.DefaultMavenResourcesFiltering - skip non existing resourceDirectory D:\ESCRITORIO\FP SUPERIOR DAW EDIX\2º CURSO\1er TRIMESTRE\DESARROLLO WEB EN ENTORNO SERVIDOR\WorkspacePracticaIndividual\Agenda_Contactos_sp\src\test\resources
2023-10-26 11:48:51,188 [Worker-25: Building] INFO  o.a.m.s.f.DefaultMavenResourcesFiltering - Copying 1 resource from src\main\resources to target\classes
2023-10-26 11:48:51,194 [Worker-25: Building] INFO  o.a.m.s.f.DefaultMavenResourcesFiltering - Copying 0 resource from src\main\resources to target\classes
2023-10-26 11:48:51,196 [Worker-25: Building] INFO  o.a.m.s.f.DefaultMavenResourcesFiltering - skip non existing resourceDirectory D:\ESCRITORIO\FP SUPERIOR DAW EDIX\2º CURSO\1er TRIMESTRE\DESARROLLO WEB EN ENTORNO SERVIDOR\WorkspacePracticaIndividual\Agenda_Contactos_sp\src\test\resources
2023-10-26 11:55:27,283 [Worker-30: Building] INFO  o.a.m.s.f.DefaultMavenResourcesFiltering - Copying 1 resource from src\main\resources to target\classes
2023-10-26 11:55:27,313 [Worker-30: Building] INFO  o.a.m.s.f.DefaultMavenResourcesFiltering - Copying 0 resource from src\main\resources to target\classes
2023-10-26 11:55:27,317 [Worker-30: Building] INFO  o.a.m.s.f.DefaultMavenResourcesFiltering - skip non existing resourceDirectory D:\ESCRITORIO\FP SUPERIOR DAW EDIX\2º CURSO\1er TRIMESTRE\DESARROLLO WEB EN ENTORNO SERVIDOR\WorkspacePracticaIndividual\Agenda_Contactos_sp\src\test\resources
2023-10-26 11:59:09,710 [Worker-29: Building] INFO  o.a.m.s.f.DefaultMavenResourcesFiltering - Copying 1 resource from src\main\resources to target\classes
2023-10-26 11:59:09,714 [Worker-29: Building] INFO  o.a.m.s.f.DefaultMavenResourcesFiltering - Copying 0 resource from src\main\resources to target\classes
2023-10-26 11:59:09,716 [Worker-29: Building] INFO  o.a.m.s.f.DefaultMavenResourcesFiltering - skip non existing resourceDirectory D:\ESCRITORIO\FP SUPERIOR DAW EDIX\2º CURSO\1er TRIMESTRE\DESARROLLO WEB EN ENTORNO SERVIDOR\WorkspacePracticaIndividual\Agenda_Contactos_sp\src\test\resources
2023-10-26 12:02:00,938 [Worker-30: Building] INFO  o.a.m.s.f.DefaultMavenResourcesFiltering - Copying 0 resource from src\main\resources to target\classes
2023-10-26 12:02:00,940 [Worker-30: Building] INFO  o.a.m.s.f.DefaultMavenResourcesFiltering - Copying 1 resource from src\main\resources to target\classes
2023-10-26 12:02:00,944 [Worker-30: Building] INFO  o.a.m.s.f.DefaultMavenResourcesFiltering - skip non existing resourceDirectory D:\ESCRITORIO\FP SUPERIOR DAW EDIX\2º CURSO\1er TRIMESTRE\DESARROLLO WEB EN ENTORNO SERVIDOR\WorkspacePracticaIndividual\Agenda_Contactos_sp\src\test\resources
2023-10-26 12:03:12,236 [Worker-29: Building] INFO  o.a.m.s.f.DefaultMavenResourcesFiltering - Copying 0 resource from src\main\resources to target\classes
2023-10-26 12:03:12,236 [Worker-29: Building] INFO  o.a.m.s.f.DefaultMavenResourcesFiltering - Copying 1 resource from src\main\resources to target\classes
2023-10-26 12:03:12,239 [Worker-29: Building] INFO  o.a.m.s.f.DefaultMavenResourcesFiltering - skip non existing resourceDirectory D:\ESCRITORIO\FP SUPERIOR DAW EDIX\2º CURSO\1er TRIMESTRE\DESARROLLO WEB EN ENTORNO SERVIDOR\WorkspacePracticaIndividual\Agenda_Contactos_sp\src\test\resources
2023-10-26 12:03:21,770 [Worker-30: Launching Agenda_Contactos_sp - AgendaContactosSpApplication] INFO  o.a.m.s.f.DefaultMavenResourcesFiltering - Copying 1 resource from src\main\resources to target\classes
2023-10-26 12:03:21,775 [Worker-30: Launching Agenda_Contactos_sp - AgendaContactosSpApplication] INFO  o.a.m.s.f.DefaultMavenResourcesFiltering - Copying 1 resource from src\main\resources to target\classes
2023-10-26 12:03:21,778 [Worker-30: Launching Agenda_Contactos_sp - AgendaContactosSpApplication] INFO  o.a.m.s.f.DefaultMavenResourcesFiltering - skip non existing resourceDirectory D:\ESCRITORIO\FP SUPERIOR DAW EDIX\2º CURSO\1er TRIMESTRE\DESARROLLO WEB EN ENTORNO SERVIDOR\WorkspacePracticaIndividual\Agenda_Contactos_sp\src\test\resources
2023-10-26 12:04:15,110 [Worker-28: Launching Agenda_Contactos_sp - AgendaContactosSpApplication] INFO  o.a.m.s.f.DefaultMavenResourcesFiltering - Copying 1 resource from src\main\resources to target\classes
2023-10-26 12:04:15,115 [Worker-28: Launching Agenda_Contactos_sp - AgendaContactosSpApplication] INFO  o.a.m.s.f.DefaultMavenResourcesFiltering - Copying 1 resource from src\main\resources to target\classes
2023-10-26 12:04:15,119 [Worker-28: Launching Agenda_Contactos_sp - AgendaContactosSpApplication] INFO  o.a.m.s.f.DefaultMavenResourcesFiltering - skip non existing resourceDirectory D:\ESCRITORIO\FP SUPERIOR DAW EDIX\2º CURSO\1er TRIMESTRE\DESARROLLO WEB EN ENTORNO SERVIDOR\WorkspacePracticaIndividual\Agenda_Contactos_sp\src\test\resources
2023-10-26 12:15:03,532 [Worker-29: Building] INFO  o.a.m.s.f.DefaultMavenResourcesFiltering - Copying 0 resource from src\main\resources to target\classes
2023-10-26 12:15:03,532 [Worker-29: Building] INFO  o.a.m.s.f.DefaultMavenResourcesFiltering - Copying 1 resource from src\main\resources to target\classes
2023-10-26 12:15:03,535 [Worker-29: Building] INFO  o.a.m.s.f.DefaultMavenResourcesFiltering - skip non existing resourceDirectory D:\ESCRITORIO\FP SUPERIOR DAW EDIX\2º CURSO\1er TRIMESTRE\DESARROLLO WEB EN ENTORNO SERVIDOR\WorkspacePracticaIndividual\Agenda_Contactos_sp\src\test\resources
2023-10-26 12:24:19,017 [Worker-37: Building] INFO  o.a.m.s.f.DefaultMavenResourcesFiltering - Copying 0 resource from src\main\resources to target\classes
2023-10-26 12:24:19,018 [Worker-37: Building] INFO  o.a.m.s.f.DefaultMavenResourcesFiltering - Copying 1 resource from src\main\resources to target\classes
2023-10-26 12:24:19,021 [Worker-37: Building] INFO  o.a.m.s.f.DefaultMavenResourcesFiltering - skip non existing resourceDirectory D:\ESCRITORIO\FP SUPERIOR DAW EDIX\2º CURSO\1er TRIMESTRE\DESARROLLO WEB EN ENTORNO SERVIDOR\WorkspacePracticaIndividual\Agenda_Contactos_sp\src\test\resources
2023-10-26 12:24:26,311 [Worker-39: Launching Agenda_Contactos_sp - AgendaContactosSpApplication] INFO  o.a.m.s.f.DefaultMavenResourcesFiltering - Copying 1 resource from src\main\resources to target\classes
2023-10-26 12:24:26,317 [Worker-39: Launching Agenda_Contactos_sp - AgendaContactosSpApplication] INFO  o.a.m.s.f.DefaultMavenResourcesFiltering - Copying 2 resources from src\main\resources to target\classes
2023-10-26 12:24:26,319 [Worker-39: Launching Agenda_Contactos_sp - AgendaContactosSpApplication] INFO  o.a.m.s.f.DefaultMavenResourcesFiltering - skip non existing resourceDirectory D:\ESCRITORIO\FP SUPERIOR DAW EDIX\2º CURSO\1er TRIMESTRE\DESARROLLO WEB EN ENTORNO SERVIDOR\WorkspacePracticaIndividual\Agenda_Contactos_sp\src\test\resources
2023-10-26 12:39:21,112 [Worker-44: Launching Agenda_Contactos_sp - AgendaContactosSpApplication] INFO  o.a.m.s.f.DefaultMavenResourcesFiltering - Copying 1 resource from src\main\resources to target\classes
2023-10-26 12:39:21,125 [Worker-44: Launching Agenda_Contactos_sp - AgendaContactosSpApplication] INFO  o.a.m.s.f.DefaultMavenResourcesFiltering - Copying 2 resources from src\main\resources to target\classes
2023-10-26 12:39:21,129 [Worker-44: Launching Agenda_Contactos_sp - AgendaContactosSpApplication] INFO  o.a.m.s.f.DefaultMavenResourcesFiltering - skip non existing resourceDirectory D:\ESCRITORIO\FP SUPERIOR DAW EDIX\2º CURSO\1er TRIMESTRE\DESARROLLO WEB EN ENTORNO SERVIDOR\WorkspacePracticaIndividual\Agenda_Contactos_sp\src\test\resources
2023-10-26 12:44:26,500 [Worker-51: Launching Agenda_Contactos_sp - AgendaContactosSpApplication] INFO  o.a.m.s.f.DefaultMavenResourcesFiltering - Copying 1 resource from src\main\resources to target\classes
2023-10-26 12:44:26,511 [Worker-51: Launching Agenda_Contactos_sp - AgendaContactosSpApplication] INFO  o.a.m.s.f.DefaultMavenResourcesFiltering - Copying 2 resources from src\main\resources to target\classes
2023-10-26 12:44:26,514 [Worker-51: Launching Agenda_Contactos_sp - AgendaContactosSpApplication] INFO  o.a.m.s.f.DefaultMavenResourcesFiltering - skip non existing resourceDirectory D:\ESCRITORIO\FP SUPERIOR DAW EDIX\2º CURSO\1er TRIMESTRE\DESARROLLO WEB EN ENTORNO SERVIDOR\WorkspacePracticaIndividual\Agenda_Contactos_sp\src\test\resources
2023-10-26 12:49:10,763 [Worker-57: Launching Agenda_Contactos_sp - AgendaContactosSpApplication] INFO  o.a.m.s.f.DefaultMavenResourcesFiltering - Copying 0 resource from src\main\resources to target\classes
2023-10-26 12:49:10,764 [Worker-57: Launching Agenda_Contactos_sp - AgendaContactosSpApplication] INFO  o.a.m.s.f.DefaultMavenResourcesFiltering - Copying 1 resource from src\main\resources to target\classes
2023-10-26 12:49:10,767 [Worker-57: Launching Agenda_Contactos_sp - AgendaContactosSpApplication] INFO  o.a.m.s.f.DefaultMavenResourcesFiltering - skip non existing resourceDirectory D:\ESCRITORIO\FP SUPERIOR DAW EDIX\2º CURSO\1er TRIMESTRE\DESARROLLO WEB EN ENTORNO SERVIDOR\WorkspacePracticaIndividual\Agenda_Contactos_sp\src\test\resources
2023-10-26 12:50:53,355 [Worker-54: Launching Agenda_Contactos_sp - AgendaContactosSpApplication] INFO  o.a.m.s.f.DefaultMavenResourcesFiltering - Copying 0 resource from src\main\resources to target\classes
2023-10-26 12:50:53,356 [Worker-54: Launching Agenda_Contactos_sp - AgendaContactosSpApplication] INFO  o.a.m.s.f.DefaultMavenResourcesFiltering - Copying 1 resource from src\main\resources to target\classes
2023-10-26 12:50:53,359 [Worker-54: Launching Agenda_Contactos_sp - AgendaContactosSpApplication] INFO  o.a.m.s.f.DefaultMavenResourcesFiltering - skip non existing resourceDirectory D:\ESCRITORIO\FP SUPERIOR DAW EDIX\2º CURSO\1er TRIMESTRE\DESARROLLO WEB EN ENTORNO SERVIDOR\WorkspacePracticaIndividual\Agenda_Contactos_sp\src\test\resources
2023-10-26 13:03:52,076 [Worker-60: Launching Agenda_Contactos_sp - AgendaContactosSpApplication] INFO  o.a.m.s.f.DefaultMavenResourcesFiltering - Copying 1 resource from src\main\resources to target\classes
2023-10-26 13:03:52,081 [Worker-60: Launching Agenda_Contactos_sp - AgendaContactosSpApplication] INFO  o.a.m.s.f.DefaultMavenResourcesFiltering - Copying 2 resources from src\main\resources to target\classes
2023-10-26 13:03:52,084 [Worker-60: Launching Agenda_Contactos_sp - AgendaContactosSpApplication] INFO  o.a.m.s.f.DefaultMavenResourcesFiltering - skip non existing resourceDirectory D:\ESCRITORIO\FP SUPERIOR DAW EDIX\2º CURSO\1er TRIMESTRE\DESARROLLO WEB EN ENTORNO SERVIDOR\WorkspacePracticaIndividual\Agenda_Contactos_sp\src\test\resources
2023-10-26 13:08:11,643 [Worker-54: Launching Agenda_Contactos_sp - AgendaContactosSpApplication] INFO  o.a.m.s.f.DefaultMavenResourcesFiltering - Copying 1 resource from src\main\resources to target\classes
2023-10-26 13:08:11,647 [Worker-54: Launching Agenda_Contactos_sp - AgendaContactosSpApplication] INFO  o.a.m.s.f.DefaultMavenResourcesFiltering - Copying 2 resources from src\main\resources to target\classes
2023-10-26 13:08:11,650 [Worker-54: Launching Agenda_Contactos_sp - AgendaContactosSpApplication] INFO  o.a.m.s.f.DefaultMavenResourcesFiltering - skip non existing resourceDirectory D:\ESCRITORIO\FP SUPERIOR DAW EDIX\2º CURSO\1er TRIMESTRE\DESARROLLO WEB EN ENTORNO SERVIDOR\WorkspacePracticaIndividual\Agenda_Contactos_sp\src\test\resources
2023-10-26 13:11:16,219 [Worker-66: Launching Agenda_Contactos_sp - AgendaContactosSpApplication] INFO  o.a.m.s.f.DefaultMavenResourcesFiltering - Copying 1 resource from src\main\resources to target\classes
2023-10-26 13:11:16,222 [Worker-66: Launching Agenda_Contactos_sp - AgendaContactosSpApplication] INFO  o.a.m.s.f.DefaultMavenResourcesFiltering - Copying 2 resources from src\main\resources to target\classes
2023-10-26 13:11:16,224 [Worker-66: Launching Agenda_Contactos_sp - AgendaContactosSpApplication] INFO  o.a.m.s.f.DefaultMavenResourcesFiltering - skip non existing resourceDirectory D:\ESCRITORIO\FP SUPERIOR DAW EDIX\2º CURSO\1er TRIMESTRE\DESARROLLO WEB EN ENTORNO SERVIDOR\WorkspacePracticaIndividual\Agenda_Contactos_sp\src\test\resources
2023-10-26 13:14:50,809 [Worker-71: Launching Agenda_Contactos_sp - AgendaContactosSpApplication] INFO  o.a.m.s.f.DefaultMavenResourcesFiltering - Copying 1 resource from src\main\resources to target\classes
2023-10-26 13:14:50,812 [Worker-71: Launching Agenda_Contactos_sp - AgendaContactosSpApplication] INFO  o.a.m.s.f.DefaultMavenResourcesFiltering - Copying 2 resources from src\main\resources to target\classes
2023-10-26 13:14:50,815 [Worker-71: Launching Agenda_Contactos_sp - AgendaContactosSpApplication] INFO  o.a.m.s.f.DefaultMavenResourcesFiltering - skip non existing resourceDirectory D:\ESCRITORIO\FP SUPERIOR DAW EDIX\2º CURSO\1er TRIMESTRE\DESARROLLO WEB EN ENTORNO SERVIDOR\WorkspacePracticaIndividual\Agenda_Contactos_sp\src\test\resources
2023-10-26 13:17:21,014 [Worker-64: Launching Agenda_Contactos_sp - AgendaContactosSpApplication] INFO  o.a.m.s.f.DefaultMavenResourcesFiltering - Copying 0 resource from src\main\resources to target\classes
2023-10-26 13:17:21,015 [Worker-64: Launching Agenda_Contactos_sp - AgendaContactosSpApplication] INFO  o.a.m.s.f.DefaultMavenResourcesFiltering - Copying 1 resource from src\main\resources to target\classes
2023-10-26 13:17:21,017 [Worker-64: Launching Agenda_Contactos_sp - AgendaContactosSpApplication] INFO  o.a.m.s.f.DefaultMavenResourcesFiltering - skip non existing resourceDirectory D:\ESCRITORIO\FP SUPERIOR DAW EDIX\2º CURSO\1er TRIMESTRE\DESARROLLO WEB EN ENTORNO SERVIDOR\WorkspacePracticaIndividual\Agenda_Contactos_sp\src\test\resources
2023-10-26 13:17:45,772 [Worker-72: Launching Agenda_Contactos_sp - AgendaContactosSpApplication] INFO  o.a.m.s.f.DefaultMavenResourcesFiltering - Copying 0 resource from src\main\resources to target\classes
2023-10-26 13:17:45,773 [Worker-72: Launching Agenda_Contactos_sp - AgendaContactosSpApplication] INFO  o.a.m.s.f.DefaultMavenResourcesFiltering - Copying 1 resource from src\main\resources to target\classes
2023-10-26 13:17:45,776 [Worker-72: Launching Agenda_Contactos_sp - AgendaContactosSpApplication] INFO  o.a.m.s.f.DefaultMavenResourcesFiltering - skip non existing resourceDirectory D:\ESCRITORIO\FP SUPERIOR DAW EDIX\2º CURSO\1er TRIMESTRE\DESARROLLO WEB EN ENTORNO SERVIDOR\WorkspacePracticaIndividual\Agenda_Contactos_sp\src\test\resources
2023-10-26 13:19:25,080 [Worker-74: Launching Agenda_Contactos_sp - AgendaContactosSpApplication] INFO  o.a.m.s.f.DefaultMavenResourcesFiltering - Copying 0 resource from src\main\resources to target\classes
2023-10-26 13:19:25,081 [Worker-74: Launching Agenda_Contactos_sp - AgendaContactosSpApplication] INFO  o.a.m.s.f.DefaultMavenResourcesFiltering - Copying 1 resource from src\main\resources to target\classes
2023-10-26 13:19:25,084 [Worker-74: Launching Agenda_Contactos_sp - AgendaContactosSpApplication] INFO  o.a.m.s.f.DefaultMavenResourcesFiltering - skip non existing resourceDirectory D:\ESCRITORIO\FP SUPERIOR DAW EDIX\2º CURSO\1er TRIMESTRE\DESARROLLO WEB EN ENTORNO SERVIDOR\WorkspacePracticaIndividual\Agenda_Contactos_sp\src\test\resources
2023-10-26 13:24:35,309 [Worker-80: Launching Agenda_Contactos_sp - AgendaContactosSpApplication] INFO  o.a.m.s.f.DefaultMavenResourcesFiltering - Copying 1 resource from src\main\resources to target\classes
2023-10-26 13:24:35,319 [Worker-80: Launching Agenda_Contactos_sp - AgendaContactosSpApplication] INFO  o.a.m.s.f.DefaultMavenResourcesFiltering - Copying 2 resources from src\main\resources to target\classes
2023-10-26 13:24:35,321 [Worker-80: Launching Agenda_Contactos_sp - AgendaContactosSpApplication] INFO  o.a.m.s.f.DefaultMavenResourcesFiltering - skip non existing resourceDirectory D:\ESCRITORIO\FP SUPERIOR DAW EDIX\2º CURSO\1er TRIMESTRE\DESARROLLO WEB EN ENTORNO SERVIDOR\WorkspacePracticaIndividual\Agenda_Contactos_sp\src\test\resources
2023-10-26 13:27:35,670 [Worker-82: Launching Agenda_Contactos_sp - AgendaContactosSpApplication] INFO  o.a.m.s.f.DefaultMavenResourcesFiltering - Copying 1 resource from src\main\resources to target\classes
2023-10-26 13:27:35,674 [Worker-82: Launching Agenda_Contactos_sp - AgendaContactosSpApplication] INFO  o.a.m.s.f.DefaultMavenResourcesFiltering - Copying 2 resources from src\main\resources to target\classes
2023-10-26 13:27:35,676 [Worker-82: Launching Agenda_Contactos_sp - AgendaContactosSpApplication] INFO  o.a.m.s.f.DefaultMavenResourcesFiltering - skip non existing resourceDirectory D:\ESCRITORIO\FP SUPERIOR DAW EDIX\2º CURSO\1er TRIMESTRE\DESARROLLO WEB EN ENTORNO SERVIDOR\WorkspacePracticaIndividual\Agenda_Contactos_sp\src\test\resources
2023-10-26 13:32:05,164 [Worker-85: Building] INFO  o.a.m.s.f.DefaultMavenResourcesFiltering - Copying 1 resource from src\main\resources to target\classes
2023-10-26 13:32:05,169 [Worker-85: Building] INFO  o.a.m.s.f.DefaultMavenResourcesFiltering - Copying 2 resources from src\main\resources to target\classes
2023-10-26 13:32:05,171 [Worker-85: Building] INFO  o.a.m.s.f.DefaultMavenResourcesFiltering - skip non existing resourceDirectory D:\ESCRITORIO\FP SUPERIOR DAW EDIX\2º CURSO\1er TRIMESTRE\DESARROLLO WEB EN ENTORNO SERVIDOR\WorkspacePracticaIndividual\Agenda_Contactos_sp\src\test\resources
2023-10-26 13:35:22,273 [Worker-84: Launching Agenda_Contactos_sp - AgendaContactosSpApplication] INFO  o.a.m.s.f.DefaultMavenResourcesFiltering - Copying 0 resource from src\main\resources to target\classes
2023-10-26 13:35:22,274 [Worker-84: Launching Agenda_Contactos_sp - AgendaContactosSpApplication] INFO  o.a.m.s.f.DefaultMavenResourcesFiltering - Copying 1 resource from src\main\resources to target\classes
2023-10-26 13:35:22,277 [Worker-84: Launching Agenda_Contactos_sp - AgendaContactosSpApplication] INFO  o.a.m.s.f.DefaultMavenResourcesFiltering - skip non existing resourceDirectory D:\ESCRITORIO\FP SUPERIOR DAW EDIX\2º CURSO\1er TRIMESTRE\DESARROLLO WEB EN ENTORNO SERVIDOR\WorkspacePracticaIndividual\Agenda_Contactos_sp\src\test\resources
2023-10-26 13:35:55,618 [Worker-91: Building] INFO  o.a.m.s.f.DefaultMavenResourcesFiltering - Copying 0 resource from src\main\resources to target\classes
2023-10-26 13:35:55,618 [Worker-91: Building] INFO  o.a.m.s.f.DefaultMavenResourcesFiltering - Copying 1 resource from src\main\resources to target\classes
2023-10-26 13:35:55,622 [Worker-91: Building] INFO  o.a.m.s.f.DefaultMavenResourcesFiltering - skip non existing resourceDirectory D:\ESCRITORIO\FP SUPERIOR DAW EDIX\2º CURSO\1er TRIMESTRE\DESARROLLO WEB EN ENTORNO SERVIDOR\WorkspacePracticaIndividual\Agenda_Contactos_sp\src\test\resources
2023-10-26 13:42:10,393 [Worker-88: Launching Agenda_Contactos_sp - AgendaContactosSpApplication] INFO  o.a.m.s.f.DefaultMavenResourcesFiltering - Copying 1 resource from src\main\resources to target\classes
2023-10-26 13:42:10,397 [Worker-88: Launching Agenda_Contactos_sp - AgendaContactosSpApplication] INFO  o.a.m.s.f.DefaultMavenResourcesFiltering - Copying 2 resources from src\main\resources to target\classes
2023-10-26 13:42:10,399 [Worker-88: Launching Agenda_Contactos_sp - AgendaContactosSpApplication] INFO  o.a.m.s.f.DefaultMavenResourcesFiltering - skip non existing resourceDirectory D:\ESCRITORIO\FP SUPERIOR DAW EDIX\2º CURSO\1er TRIMESTRE\DESARROLLO WEB EN ENTORNO SERVIDOR\WorkspacePracticaIndividual\Agenda_Contactos_sp\src\test\resources
2023-10-26 13:44:09,191 [Worker-92: Launching Agenda_Contactos_sp - AgendaContactosSpApplication] INFO  o.a.m.s.f.DefaultMavenResourcesFiltering - Copying 1 resource from src\main\resources to target\classes
2023-10-26 13:44:09,195 [Worker-92: Launching Agenda_Contactos_sp - AgendaContactosSpApplication] INFO  o.a.m.s.f.DefaultMavenResourcesFiltering - Copying 2 resources from src\main\resources to target\classes
2023-10-26 13:44:09,197 [Worker-92: Launching Agenda_Contactos_sp - AgendaContactosSpApplication] INFO  o.a.m.s.f.DefaultMavenResourcesFiltering - skip non existing resourceDirectory D:\ESCRITORIO\FP SUPERIOR DAW EDIX\2º CURSO\1er TRIMESTRE\DESARROLLO WEB EN ENTORNO SERVIDOR\WorkspacePracticaIndividual\Agenda_Contactos_sp\src\test\resources
2023-10-26 13:50:46,551 [Worker-91: Launching Agenda_Contactos_sp - AgendaContactosSpApplication] INFO  o.a.m.s.f.DefaultMavenResourcesFiltering - Copying 1 resource from src\main\resources to target\classes
2023-10-26 13:50:46,563 [Worker-91: Launching Agenda_Contactos_sp - AgendaContactosSpApplication] INFO  o.a.m.s.f.DefaultMavenResourcesFiltering - Copying 2 resources from src\main\resources to target\classes
2023-10-26 13:50:46,566 [Worker-91: Launching Agenda_Contactos_sp - AgendaContactosSpApplication] INFO  o.a.m.s.f.DefaultMavenResourcesFiltering - skip non existing resourceDirectory D:\ESCRITORIO\FP SUPERIOR DAW EDIX\2º CURSO\1er TRIMESTRE\DESARROLLO WEB EN ENTORNO SERVIDOR\WorkspacePracticaIndividual\Agenda_Contactos_sp\src\test\resources
2023-10-26 13:53:01,962 [Worker-88: Launching Agenda_Contactos_sp - AgendaContactosSpApplication] INFO  o.a.m.s.f.DefaultMavenResourcesFiltering - Copying 1 resource from src\main\resources to target\classes
2023-10-26 13:53:01,977 [Worker-88: Launching Agenda_Contactos_sp - AgendaContactosSpApplication] INFO  o.a.m.s.f.DefaultMavenResourcesFiltering - Copying 2 resources from src\main\resources to target\classes
2023-10-26 13:53:01,979 [Worker-88: Launching Agenda_Contactos_sp - AgendaContactosSpApplication] INFO  o.a.m.s.f.DefaultMavenResourcesFiltering - skip non existing resourceDirectory D:\ESCRITORIO\FP SUPERIOR DAW EDIX\2º CURSO\1er TRIMESTRE\DESARROLLO WEB EN ENTORNO SERVIDOR\WorkspacePracticaIndividual\Agenda_Contactos_sp\src\test\resources
2023-10-26 13:54:06,870 [Worker-96: Launching Agenda_Contactos_sp - AgendaContactosSpApplication] INFO  o.a.m.s.f.DefaultMavenResourcesFiltering - Copying 1 resource from src\main\resources to target\classes
2023-10-26 13:54:06,876 [Worker-96: Launching Agenda_Contactos_sp - AgendaContactosSpApplication] INFO  o.a.m.s.f.DefaultMavenResourcesFiltering - Copying 2 resources from src\main\resources to target\classes
2023-10-26 13:54:06,879 [Worker-96: Launching Agenda_Contactos_sp - AgendaContactosSpApplication] INFO  o.a.m.s.f.DefaultMavenResourcesFiltering - skip non existing resourceDirectory D:\ESCRITORIO\FP SUPERIOR DAW EDIX\2º CURSO\1er TRIMESTRE\DESARROLLO WEB EN ENTORNO SERVIDOR\WorkspacePracticaIndividual\Agenda_Contactos_sp\src\test\resources
2023-10-26 13:57:57,213 [Worker-95: Launching Agenda_Contactos_sp - AgendaContactosSpApplication] INFO  o.a.m.s.f.DefaultMavenResourcesFiltering - Copying 1 resource from src\main\resources to target\classes
2023-10-26 13:57:57,218 [Worker-95: Launching Agenda_Contactos_sp - AgendaContactosSpApplication] INFO  o.a.m.s.f.DefaultMavenResourcesFiltering - Copying 2 resources from src\main\resources to target\classes
2023-10-26 13:57:57,221 [Worker-95: Launching Agenda_Contactos_sp - AgendaContactosSpApplication] INFO  o.a.m.s.f.DefaultMavenResourcesFiltering - skip non existing resourceDirectory D:\ESCRITORIO\FP SUPERIOR DAW EDIX\2º CURSO\1er TRIMESTRE\DESARROLLO WEB EN ENTORNO SERVIDOR\WorkspacePracticaIndividual\Agenda_Contactos_sp\src\test\resources
2023-10-26 14:03:57,055 [Worker-104: Launching Agenda_Contactos_sp - AgendaContactosSpApplication] INFO  o.a.m.s.f.DefaultMavenResourcesFiltering - Copying 0 resource from src\main\resources to target\classes
2023-10-26 14:03:57,056 [Worker-104: Launching Agenda_Contactos_sp - AgendaContactosSpApplication] INFO  o.a.m.s.f.DefaultMavenResourcesFiltering - Copying 1 resource from src\main\resources to target\classes
2023-10-26 14:03:57,059 [Worker-104: Launching Agenda_Contactos_sp - AgendaContactosSpApplication] INFO  o.a.m.s.f.DefaultMavenResourcesFiltering - skip non existing resourceDirectory D:\ESCRITORIO\FP SUPERIOR DAW EDIX\2º CURSO\1er TRIMESTRE\DESARROLLO WEB EN ENTORNO SERVIDOR\WorkspacePracticaIndividual\Agenda_Contactos_sp\src\test\resources
2023-10-26 14:05:18,984 [Worker-105: Launching Agenda_Contactos_sp - AgendaContactosSpApplication] INFO  o.a.m.s.f.DefaultMavenResourcesFiltering - Copying 0 resource from src\main\resources to target\classes
2023-10-26 14:05:18,985 [Worker-105: Launching Agenda_Contactos_sp - AgendaContactosSpApplication] INFO  o.a.m.s.f.DefaultMavenResourcesFiltering - Copying 1 resource from src\main\resources to target\classes
2023-10-26 14:05:18,988 [Worker-105: Launching Agenda_Contactos_sp - AgendaContactosSpApplication] INFO  o.a.m.s.f.DefaultMavenResourcesFiltering - skip non existing resourceDirectory D:\ESCRITORIO\FP SUPERIOR DAW EDIX\2º CURSO\1er TRIMESTRE\DESARROLLO WEB EN ENTORNO SERVIDOR\WorkspacePracticaIndividual\Agenda_Contactos_sp\src\test\resources
2023-10-26 14:06:02,586 [Worker-98: Launching Agenda_Contactos_sp - AgendaContactosSpApplication] INFO  o.a.m.s.f.DefaultMavenResourcesFiltering - Copying 0 resource from src\main\resources to target\classes
2023-10-26 14:06:02,586 [Worker-98: Launching Agenda_Contactos_sp - AgendaContactosSpApplication] INFO  o.a.m.s.f.DefaultMavenResourcesFiltering - Copying 1 resource from src\main\resources to target\classes
2023-10-26 14:06:02,590 [Worker-98: Launching Agenda_Contactos_sp - AgendaContactosSpApplication] INFO  o.a.m.s.f.DefaultMavenResourcesFiltering - skip non existing resourceDirectory D:\ESCRITORIO\FP SUPERIOR DAW EDIX\2º CURSO\1er TRIMESTRE\DESARROLLO WEB EN ENTORNO SERVIDOR\WorkspacePracticaIndividual\Agenda_Contactos_sp\src\test\resources
